<?xml version="1.0" encoding="UTF-8"?>
<!-- Generated by org.testng.reporters.JUnitXMLReporter -->
<testsuite hostname="PC218689" name="Test" tests="4" failures="4" timestamp="25 Jul 2014 14:53:56 GMT" time="165.205" errors="0">
  <testcase name="runTC4" time="60.726" classname="testscripts.scenario2.TC4">
    <failure type="java.lang.AssertionError" message="Keyword login not found within any class inside the businesscomponents package">
      <![CDATA[java.lang.AssertionError: Keyword login not found within any class inside the businesscomponents package
	at supportlibraries.DriverScript.wrapUp(DriverScript.java:538)
	at supportlibraries.DriverScript.driveTestExecution(DriverScript.java:108)
	at testscripts.scenario2.TC4.runTC4(TC4.java:25)
	at java.util.concurrent.ThreadPoolExecutor.runWorker(Unknown Source)
	at java.util.concurrent.ThreadPoolExecutor$Worker.run(Unknown Source)
	at java.lang.Thread.run(Unknown Source)
... Removed 11 stack frames]]>
    </failure>
  </testcase> <!-- runTC4 -->
  <testcase name="runTC1" time="106.826" classname="testscripts.scenario1.TC1">
    <failure type="java.lang.AssertionError" message="Keyword verifyLoginValidUser not found within any class inside the businesscomponents package">
      <![CDATA[java.lang.AssertionError: Keyword verifyLoginValidUser not found within any class inside the businesscomponents package
	at supportlibraries.DriverScript.wrapUp(DriverScript.java:538)
	at supportlibraries.DriverScript.driveTestExecution(DriverScript.java:108)
	at testscripts.scenario1.TC1.runTC1(TC1.java:25)
	at java.util.concurrent.ThreadPoolExecutor.runWorker(Unknown Source)
	at java.util.concurrent.ThreadPoolExecutor$Worker.run(Unknown Source)
	at java.lang.Thread.run(Unknown Source)
... Removed 11 stack frames]]>
    </failure>
  </testcase> <!-- runTC1 -->
  <testcase name="runTC2" time="47.886" classname="testscripts.scenario1.TC2">
    <failure type="java.lang.AssertionError" message="Keyword login not found within any class inside the businesscomponents package">
      <![CDATA[java.lang.AssertionError: Keyword login not found within any class inside the businesscomponents package
	at supportlibraries.DriverScript.wrapUp(DriverScript.java:538)
	at supportlibraries.DriverScript.driveTestExecution(DriverScript.java:108)
	at testscripts.scenario1.TC2.runTC2(TC2.java:23)
	at java.util.concurrent.ThreadPoolExecutor.runWorker(Unknown Source)
	at java.util.concurrent.ThreadPoolExecutor$Worker.run(Unknown Source)
	at java.lang.Thread.run(Unknown Source)
... Removed 11 stack frames]]>
    </failure>
  </testcase> <!-- runTC2 -->
  <testcase name="runTC3" time="57.976" classname="testscripts.scenario1.TC3">
    <failure type="java.lang.AssertionError" message="Keyword login not found within any class inside the businesscomponents package">
      <![CDATA[java.lang.AssertionError: Keyword login not found within any class inside the businesscomponents package
	at supportlibraries.DriverScript.wrapUp(DriverScript.java:538)
	at supportlibraries.DriverScript.driveTestExecution(DriverScript.java:108)
	at testscripts.scenario1.TC3.runTC3(TC3.java:21)
	at java.util.concurrent.ThreadPoolExecutor.runWorker(Unknown Source)
	at java.util.concurrent.ThreadPoolExecutor$Worker.run(Unknown Source)
	at java.lang.Thread.run(Unknown Source)
... Removed 11 stack frames]]>
    </failure>
  </testcase> <!-- runTC3 -->
</testsuite> <!-- Test -->
