<?xml version="1.0" encoding="UTF-8"?>
<!-- Generated by org.testng.reporters.JUnitReportReporter -->
<testsuite hostname="PC218689" name="testscripts.scenario1.TC2" tests="1" failures="0" timestamp="25 Jul 2014 14:53:57 GMT" time="48.026" errors="1">
  <testcase name="runTC2" time="48.026" classname="testscripts.scenario1.TC2">
    <error type="java.lang.AssertionError" message="Keyword login not found within any class inside the businesscomponents package">
      <![CDATA[java.lang.AssertionError: Keyword login not found within any class inside the businesscomponents package
	at org.testng.Assert.fail(Assert.java:94)
	at supportlibraries.DriverScript.wrapUp(DriverScript.java:538)
	at supportlibraries.DriverScript.driveTestExecution(DriverScript.java:108)
	at testscripts.scenario1.TC2.runTC2(TC2.java:23)
	at sun.reflect.NativeMethodAccessorImpl.invoke0(Native Method)
	at sun.reflect.NativeMethodAccessorImpl.invoke(Unknown Source)
	at sun.reflect.DelegatingMethodAccessorImpl.invoke(Unknown Source)
	at java.lang.reflect.Method.invoke(Unknown Source)
	at org.testng.internal.MethodInvocationHelper.invokeMethod(MethodInvocationHelper.java:84)
	at org.testng.internal.Invoker.invokeMethod(Invoker.java:714)
	at org.testng.internal.Invoker.invokeTestMethod(Invoker.java:901)
	at org.testng.internal.Invoker.invokeTestMethods(Invoker.java:1231)
	at org.testng.internal.TestMethodWorker.invokeTestMethods(TestMethodWorker.java:127)
	at org.testng.internal.TestMethodWorker.run(TestMethodWorker.java:111)
	at java.util.concurrent.ThreadPoolExecutor.runWorker(Unknown Source)
	at java.util.concurrent.ThreadPoolExecutor$Worker.run(Unknown Source)
	at java.lang.Thread.run(Unknown Source)
]]>
    </error>
  </testcase> <!-- runTC2 -->
</testsuite> <!-- testscripts.scenario1.TC2 -->
